<?xml version="1.0" encoding="UTF-8"?>
<!-- Generated by org.testng.reporters.JUnitReportReporter -->
<testsuite hostname="MININT-OSPAKDR" failures="0" tests="1" name="com.learnautomation.testcases.LoginTestCRM" time="8.886" errors="0" timestamp="2021-04-01T22:00:30 IST" skipped="0">
  <testcase classname="com.learnautomation.testcases.LoginTestCRM" name="loginApp" time="8.886"/>
  <system-out/>
</testsuite> <!-- com.learnautomation.testcases.LoginTestCRM -->
